<?xml version="1.0" encoding="UTF-8" ?>
<testsuite tests="1" failures="0" name="com.datastax.training.killrvideo.dao.cassandra.BatchStatementVideoDAOTest" time="7.243" errors="1" skipped="0">
  <properties>
    <property name="java.runtime.name" value="OpenJDK Runtime Environment"/>
    <property name="sun.boot.library.path" value="/usr/lib/jvm/java-8-openjdk-amd64/jre/lib/amd64"/>
    <property name="java.vm.version" value="25.292-b10"/>
    <property name="java.vm.vendor" value="Private Build"/>
    <property name="java.vendor.url" value="http://java.oracle.com/"/>
    <property name="path.separator" value=":"/>
    <property name="java.vm.name" value="OpenJDK 64-Bit Server VM"/>
    <property name="file.encoding.pkg" value="sun.io"/>
    <property name="sun.java.launcher" value="SUN_STANDARD"/>
    <property name="sun.os.patch.level" value="unknown"/>
    <property name="java.vm.specification.name" value="Java Virtual Machine Specification"/>
    <property name="user.dir" value="/home/ubuntu/workspace/session1"/>
    <property name="java.runtime.version" value="1.8.0_292-8u292-b10-0ubuntu1~18.04-b10"/>
    <property name="java.awt.graphicsenv" value="sun.awt.X11GraphicsEnvironment"/>
    <property name="basedir" value="/home/ubuntu/workspace/session1"/>
    <property name="java.endorsed.dirs" value="/usr/lib/jvm/java-8-openjdk-amd64/jre/lib/endorsed"/>
    <property name="os.arch" value="amd64"/>
    <property name="surefire.real.class.path" value="/home/ubuntu/workspace/session1/target/surefire/surefirebooter1399924128711745299.jar"/>
    <property name="java.io.tmpdir" value="/tmp"/>
    <property name="line.separator" value="
"/>
    <property name="java.vm.specification.vendor" value="Oracle Corporation"/>
    <property name="os.name" value="Linux"/>
    <property name="sun.jnu.encoding" value="UTF-8"/>
    <property name="java.library.path" value="/usr/java/packages/lib/amd64:/usr/lib/x86_64-linux-gnu/jni:/lib/x86_64-linux-gnu:/usr/lib/x86_64-linux-gnu:/usr/lib/jni:/lib:/usr/lib"/>
    <property name="surefire.test.class.path" value="/home/ubuntu/workspace/session1/target/test-classes:/home/ubuntu/workspace/session1/target/classes:/home/ubuntu/.m2/repository/org/glassfish/jersey/containers/jersey-container-grizzly2-http/2.22/jersey-container-grizzly2-http-2.22.jar:/home/ubuntu/.m2/repository/org/glassfish/hk2/external/javax.inject/2.4.0-b31/javax.inject-2.4.0-b31.jar:/home/ubuntu/.m2/repository/org/glassfish/grizzly/grizzly-http-server/2.3.22/grizzly-http-server-2.3.22.jar:/home/ubuntu/.m2/repository/org/glassfish/grizzly/grizzly-http/2.3.22/grizzly-http-2.3.22.jar:/home/ubuntu/.m2/repository/org/glassfish/grizzly/grizzly-framework/2.3.22/grizzly-framework-2.3.22.jar:/home/ubuntu/.m2/repository/org/glassfish/jersey/core/jersey-common/2.22/jersey-common-2.22.jar:/home/ubuntu/.m2/repository/javax/annotation/javax.annotation-api/1.2/javax.annotation-api-1.2.jar:/home/ubuntu/.m2/repository/org/glassfish/jersey/bundles/repackaged/jersey-guava/2.22/jersey-guava-2.22.jar:/home/ubuntu/.m2/repository/org/glassfish/hk2/hk2-api/2.4.0-b31/hk2-api-2.4.0-b31.jar:/home/ubuntu/.m2/repository/org/glassfish/hk2/hk2-utils/2.4.0-b31/hk2-utils-2.4.0-b31.jar:/home/ubuntu/.m2/repository/org/glassfish/hk2/external/aopalliance-repackaged/2.4.0-b31/aopalliance-repackaged-2.4.0-b31.jar:/home/ubuntu/.m2/repository/org/glassfish/hk2/hk2-locator/2.4.0-b31/hk2-locator-2.4.0-b31.jar:/home/ubuntu/.m2/repository/org/javassist/javassist/3.18.1-GA/javassist-3.18.1-GA.jar:/home/ubuntu/.m2/repository/org/glassfish/hk2/osgi-resource-locator/1.0.1/osgi-resource-locator-1.0.1.jar:/home/ubuntu/.m2/repository/org/glassfish/jersey/core/jersey-server/2.22/jersey-server-2.22.jar:/home/ubuntu/.m2/repository/org/glassfish/jersey/core/jersey-client/2.22/jersey-client-2.22.jar:/home/ubuntu/.m2/repository/org/glassfish/jersey/media/jersey-media-jaxb/2.22/jersey-media-jaxb-2.22.jar:/home/ubuntu/.m2/repository/javax/validation/validation-api/1.1.0.Final/validation-api-1.1.0.Final.jar:/home/ubuntu/.m2/repository/javax/ws/rs/javax.ws.rs-api/2.0.1/javax.ws.rs-api-2.0.1.jar:/home/ubuntu/.m2/repository/org/glassfish/jersey/media/jersey-media-moxy/2.22/jersey-media-moxy-2.22.jar:/home/ubuntu/.m2/repository/org/glassfish/jersey/ext/jersey-entity-filtering/2.22/jersey-entity-filtering-2.22.jar:/home/ubuntu/.m2/repository/org/eclipse/persistence/org.eclipse.persistence.moxy/2.6.0/org.eclipse.persistence.moxy-2.6.0.jar:/home/ubuntu/.m2/repository/org/eclipse/persistence/org.eclipse.persistence.core/2.6.0/org.eclipse.persistence.core-2.6.0.jar:/home/ubuntu/.m2/repository/org/eclipse/persistence/org.eclipse.persistence.asm/2.6.0/org.eclipse.persistence.asm-2.6.0.jar:/home/ubuntu/.m2/repository/org/glassfish/javax.json/1.0.4/javax.json-1.0.4.jar:/home/ubuntu/.m2/repository/org/glassfish/jersey/media/jersey-media-json-jackson/2.22/jersey-media-json-jackson-2.22.jar:/home/ubuntu/.m2/repository/com/fasterxml/jackson/jaxrs/jackson-jaxrs-base/2.5.4/jackson-jaxrs-base-2.5.4.jar:/home/ubuntu/.m2/repository/com/fasterxml/jackson/core/jackson-core/2.5.4/jackson-core-2.5.4.jar:/home/ubuntu/.m2/repository/com/fasterxml/jackson/jaxrs/jackson-jaxrs-json-provider/2.5.4/jackson-jaxrs-json-provider-2.5.4.jar:/home/ubuntu/.m2/repository/com/fasterxml/jackson/module/jackson-module-jaxb-annotations/2.5.4/jackson-module-jaxb-annotations-2.5.4.jar:/home/ubuntu/.m2/repository/com/fasterxml/jackson/core/jackson-annotations/2.5.4/jackson-annotations-2.5.4.jar:/home/ubuntu/.m2/repository/com/datastax/dse/dse-java-driver-core/1.6.6/dse-java-driver-core-1.6.6.jar:/home/ubuntu/.m2/repository/io/netty/netty-handler/4.0.56.Final/netty-handler-4.0.56.Final.jar:/home/ubuntu/.m2/repository/io/netty/netty-buffer/4.0.56.Final/netty-buffer-4.0.56.Final.jar:/home/ubuntu/.m2/repository/io/netty/netty-common/4.0.56.Final/netty-common-4.0.56.Final.jar:/home/ubuntu/.m2/repository/io/netty/netty-transport/4.0.56.Final/netty-transport-4.0.56.Final.jar:/home/ubuntu/.m2/repository/io/netty/netty-codec/4.0.56.Final/netty-codec-4.0.56.Final.jar:/home/ubuntu/.m2/repository/io/dropwizard/metrics/metrics-core/3.2.2/metrics-core-3.2.2.jar:/home/ubuntu/.m2/repository/org/slf4j/slf4j-api/1.7.25/slf4j-api-1.7.25.jar:/home/ubuntu/.m2/repository/com/github/jnr/jnr-ffi/2.1.7/jnr-ffi-2.1.7.jar:/home/ubuntu/.m2/repository/com/github/jnr/jffi/1.2.16/jffi-1.2.16.jar:/home/ubuntu/.m2/repository/com/github/jnr/jffi/1.2.16/jffi-1.2.16-native.jar:/home/ubuntu/.m2/repository/org/ow2/asm/asm/5.0.3/asm-5.0.3.jar:/home/ubuntu/.m2/repository/org/ow2/asm/asm-commons/5.0.3/asm-commons-5.0.3.jar:/home/ubuntu/.m2/repository/org/ow2/asm/asm-analysis/5.0.3/asm-analysis-5.0.3.jar:/home/ubuntu/.m2/repository/org/ow2/asm/asm-tree/5.0.3/asm-tree-5.0.3.jar:/home/ubuntu/.m2/repository/org/ow2/asm/asm-util/5.0.3/asm-util-5.0.3.jar:/home/ubuntu/.m2/repository/com/github/jnr/jnr-x86asm/1.0.2/jnr-x86asm-1.0.2.jar:/home/ubuntu/.m2/repository/com/github/jnr/jnr-posix/3.0.44/jnr-posix-3.0.44.jar:/home/ubuntu/.m2/repository/com/github/jnr/jnr-constants/0.9.9/jnr-constants-0.9.9.jar:/home/ubuntu/.m2/repository/com/datastax/dse/dse-java-driver-mapping/1.6.6/dse-java-driver-mapping-1.6.6.jar:/home/ubuntu/.m2/repository/com/datastax/dse/dse-java-driver-extras/1.6.6/dse-java-driver-extras-1.6.6.jar:/home/ubuntu/.m2/repository/ch/qos/logback/logback-classic/1.0.9/logback-classic-1.0.9.jar:/home/ubuntu/.m2/repository/ch/qos/logback/logback-core/1.0.9/logback-core-1.0.9.jar:/home/ubuntu/.m2/repository/org/slf4j/jul-to-slf4j/1.7.10/jul-to-slf4j-1.7.10.jar:/home/ubuntu/.m2/repository/com/typesafe/config/1.2.1/config-1.2.1.jar:/home/ubuntu/.m2/repository/org/apache/solr/solr-solrj/4.10.1/solr-solrj-4.10.1.jar:/home/ubuntu/.m2/repository/org/apache/httpcomponents/httpclient/4.3.1/httpclient-4.3.1.jar:/home/ubuntu/.m2/repository/org/apache/httpcomponents/httpcore/4.3/httpcore-4.3.jar:/home/ubuntu/.m2/repository/org/apache/httpcomponents/httpmime/4.3.1/httpmime-4.3.1.jar:/home/ubuntu/.m2/repository/org/apache/zookeeper/zookeeper/3.4.6/zookeeper-3.4.6.jar:/home/ubuntu/.m2/repository/org/codehaus/woodstox/wstx-asl/3.2.7/wstx-asl-3.2.7.jar:/home/ubuntu/.m2/repository/org/noggit/noggit/0.5/noggit-0.5.jar:/home/ubuntu/.m2/repository/org/json/json/20151123/json-20151123.jar:/home/ubuntu/.m2/repository/com/google/guava/guava/18.0/guava-18.0.jar:/home/ubuntu/.m2/repository/io/netty/netty-all/4.0.4.Final/netty-all-4.0.4.Final.jar:/home/ubuntu/.m2/repository/junit/junit/4.9/junit-4.9.jar:/home/ubuntu/.m2/repository/org/hamcrest/hamcrest-core/1.3/hamcrest-core-1.3.jar:/home/ubuntu/.m2/repository/org/mockito/mockito-all/1.10.8/mockito-all-1.10.8.jar:/home/ubuntu/.m2/repository/commons-io/commons-io/2.4/commons-io-2.4.jar:/home/ubuntu/.m2/repository/commons-logging/commons-logging/1.1.3/commons-logging-1.1.3.jar:/home/ubuntu/.m2/repository/javax/servlet/javax.servlet-api/3.0.1/javax.servlet-api-3.0.1.jar:/home/ubuntu/.m2/repository/com/google/code/gson/gson/2.6.2/gson-2.6.2.jar:/home/ubuntu/.m2/repository/com/datastax/spark/spark-cassandra-connector_2.10/1.5.0/spark-cassandra-connector_2.10-1.5.0.jar:/home/ubuntu/.m2/repository/org/scala-lang/scala-library/2.10.5/scala-library-2.10.5.jar:/home/ubuntu/.m2/repository/org/apache/cassandra/cassandra-clientutil/3.0.2/cassandra-clientutil-3.0.2.jar:/home/ubuntu/.m2/repository/com/datastax/cassandra/cassandra-driver-core/3.0.0/cassandra-driver-core-3.0.0.jar:/home/ubuntu/.m2/repository/org/apache/commons/commons-lang3/3.3.2/commons-lang3-3.3.2.jar:/home/ubuntu/.m2/repository/org/joda/joda-convert/1.2/joda-convert-1.2.jar:/home/ubuntu/.m2/repository/joda-time/joda-time/2.3/joda-time-2.3.jar:/home/ubuntu/.m2/repository/com/twitter/jsr166e/1.1.0/jsr166e-1.1.0.jar:/home/ubuntu/.m2/repository/org/scala-lang/scala-reflect/2.10.5/scala-reflect-2.10.5.jar:/home/ubuntu/.m2/repository/com/datastax/spark/spark-cassandra-connector-java_2.10/1.5.0/spark-cassandra-connector-java_2.10-1.5.0.jar:/home/ubuntu/.m2/repository/org/apache/spark/spark-core_2.10/1.4.1/spark-core_2.10-1.4.1.jar:/home/ubuntu/.m2/repository/com/twitter/chill_2.10/0.5.0/chill_2.10-0.5.0.jar:/home/ubuntu/.m2/repository/com/esotericsoftware/kryo/kryo/2.21/kryo-2.21.jar:/home/ubuntu/.m2/repository/com/esotericsoftware/reflectasm/reflectasm/1.07/reflectasm-1.07-shaded.jar:/home/ubuntu/.m2/repository/com/esotericsoftware/minlog/minlog/1.2/minlog-1.2.jar:/home/ubuntu/.m2/repository/org/objenesis/objenesis/1.2/objenesis-1.2.jar:/home/ubuntu/.m2/repository/com/twitter/chill-java/0.5.0/chill-java-0.5.0.jar:/home/ubuntu/.m2/repository/org/apache/hadoop/hadoop-client/2.2.0/hadoop-client-2.2.0.jar:/home/ubuntu/.m2/repository/org/apache/hadoop/hadoop-common/2.2.0/hadoop-common-2.2.0.jar:/home/ubuntu/.m2/repository/org/apache/commons/commons-math/2.1/commons-math-2.1.jar:/home/ubuntu/.m2/repository/xmlenc/xmlenc/0.52/xmlenc-0.52.jar:/home/ubuntu/.m2/repository/commons-configuration/commons-configuration/1.6/commons-configuration-1.6.jar:/home/ubuntu/.m2/repository/commons-collections/commons-collections/3.2.1/commons-collections-3.2.1.jar:/home/ubuntu/.m2/repository/commons-digester/commons-digester/1.8/commons-digester-1.8.jar:/home/ubuntu/.m2/repository/commons-beanutils/commons-beanutils/1.7.0/commons-beanutils-1.7.0.jar:/home/ubuntu/.m2/repository/commons-beanutils/commons-beanutils-core/1.8.0/commons-beanutils-core-1.8.0.jar:/home/ubuntu/.m2/repository/com/google/protobuf/protobuf-java/2.5.0/protobuf-java-2.5.0.jar:/home/ubuntu/.m2/repository/org/apache/hadoop/hadoop-auth/2.2.0/hadoop-auth-2.2.0.jar:/home/ubuntu/.m2/repository/org/apache/hadoop/hadoop-hdfs/2.2.0/hadoop-hdfs-2.2.0.jar:/home/ubuntu/.m2/repository/org/mortbay/jetty/jetty-util/6.1.26/jetty-util-6.1.26.jar:/home/ubuntu/.m2/repository/org/apache/hadoop/hadoop-mapreduce-client-app/2.2.0/hadoop-mapreduce-client-app-2.2.0.jar:/home/ubuntu/.m2/repository/org/apache/hadoop/hadoop-mapreduce-client-common/2.2.0/hadoop-mapreduce-client-common-2.2.0.jar:/home/ubuntu/.m2/repository/org/apache/hadoop/hadoop-yarn-client/2.2.0/hadoop-yarn-client-2.2.0.jar:/home/ubuntu/.m2/repository/com/google/inject/guice/3.0/guice-3.0.jar:/home/ubuntu/.m2/repository/javax/inject/javax.inject/1/javax.inject-1.jar:/home/ubuntu/.m2/repository/aopalliance/aopalliance/1.0/aopalliance-1.0.jar:/home/ubuntu/.m2/repository/com/sun/jersey/jersey-test-framework/jersey-test-framework-grizzly2/1.9/jersey-test-framework-grizzly2-1.9.jar:/home/ubuntu/.m2/repository/com/sun/jersey/jersey-test-framework/jersey-test-framework-core/1.9/jersey-test-framework-core-1.9.jar:/home/ubuntu/.m2/repository/com/sun/jersey/jersey-client/1.9/jersey-client-1.9.jar:/home/ubuntu/.m2/repository/com/sun/jersey/jersey-grizzly2/1.9/jersey-grizzly2-1.9.jar:/home/ubuntu/.m2/repository/org/glassfish/grizzly/grizzly-http-servlet/2.1.2/grizzly-http-servlet-2.1.2.jar:/home/ubuntu/.m2/repository/org/glassfish/javax.servlet/3.1/javax.servlet-3.1.jar:/home/ubuntu/.m2/repository/com/sun/jersey/jersey-json/1.9/jersey-json-1.9.jar:/home/ubuntu/.m2/repository/org/codehaus/jettison/jettison/1.1/jettison-1.1.jar:/home/ubuntu/.m2/repository/org/codehaus/jackson/jackson-jaxrs/1.8.3/jackson-jaxrs-1.8.3.jar:/home/ubuntu/.m2/repository/org/codehaus/jackson/jackson-xc/1.8.3/jackson-xc-1.8.3.jar:/home/ubuntu/.m2/repository/com/sun/jersey/contribs/jersey-guice/1.9/jersey-guice-1.9.jar:/home/ubuntu/.m2/repository/org/apache/hadoop/hadoop-yarn-server-common/2.2.0/hadoop-yarn-server-common-2.2.0.jar:/home/ubuntu/.m2/repository/org/apache/hadoop/hadoop-mapreduce-client-shuffle/2.2.0/hadoop-mapreduce-client-shuffle-2.2.0.jar:/home/ubuntu/.m2/repository/org/apache/hadoop/hadoop-yarn-api/2.2.0/hadoop-yarn-api-2.2.0.jar:/home/ubuntu/.m2/repository/org/apache/hadoop/hadoop-mapreduce-client-core/2.2.0/hadoop-mapreduce-client-core-2.2.0.jar:/home/ubuntu/.m2/repository/org/apache/hadoop/hadoop-yarn-common/2.2.0/hadoop-yarn-common-2.2.0.jar:/home/ubuntu/.m2/repository/org/apache/hadoop/hadoop-mapreduce-client-jobclient/2.2.0/hadoop-mapreduce-client-jobclient-2.2.0.jar:/home/ubuntu/.m2/repository/org/apache/hadoop/hadoop-annotations/2.2.0/hadoop-annotations-2.2.0.jar:/home/ubuntu/.m2/repository/org/apache/spark/spark-launcher_2.10/1.4.1/spark-launcher_2.10-1.4.1.jar:/home/ubuntu/.m2/repository/org/apache/spark/spark-network-common_2.10/1.4.1/spark-network-common_2.10-1.4.1.jar:/home/ubuntu/.m2/repository/org/apache/spark/spark-network-shuffle_2.10/1.4.1/spark-network-shuffle_2.10-1.4.1.jar:/home/ubuntu/.m2/repository/org/apache/spark/spark-unsafe_2.10/1.4.1/spark-unsafe_2.10-1.4.1.jar:/home/ubuntu/.m2/repository/net/java/dev/jets3t/jets3t/0.7.1/jets3t-0.7.1.jar:/home/ubuntu/.m2/repository/commons-codec/commons-codec/1.3/commons-codec-1.3.jar:/home/ubuntu/.m2/repository/org/apache/curator/curator-recipes/2.4.0/curator-recipes-2.4.0.jar:/home/ubuntu/.m2/repository/org/apache/curator/curator-framework/2.4.0/curator-framework-2.4.0.jar:/home/ubuntu/.m2/repository/org/apache/curator/curator-client/2.4.0/curator-client-2.4.0.jar:/home/ubuntu/.m2/repository/org/eclipse/jetty/orbit/javax.servlet/3.0.0.v201112011016/javax.servlet-3.0.0.v201112011016.jar:/home/ubuntu/.m2/repository/org/apache/commons/commons-math3/3.4.1/commons-math3-3.4.1.jar:/home/ubuntu/.m2/repository/com/google/code/findbugs/jsr305/1.3.9/jsr305-1.3.9.jar:/home/ubuntu/.m2/repository/org/slf4j/jcl-over-slf4j/1.7.10/jcl-over-slf4j-1.7.10.jar:/home/ubuntu/.m2/repository/log4j/log4j/1.2.17/log4j-1.2.17.jar:/home/ubuntu/.m2/repository/org/slf4j/slf4j-log4j12/1.7.10/slf4j-log4j12-1.7.10.jar:/home/ubuntu/.m2/repository/com/ning/compress-lzf/1.0.3/compress-lzf-1.0.3.jar:/home/ubuntu/.m2/repository/org/xerial/snappy/snappy-java/1.1.1.7/snappy-java-1.1.1.7.jar:/home/ubuntu/.m2/repository/net/jpountz/lz4/lz4/1.2.0/lz4-1.2.0.jar:/home/ubuntu/.m2/repository/org/roaringbitmap/RoaringBitmap/0.4.5/RoaringBitmap-0.4.5.jar:/home/ubuntu/.m2/repository/commons-net/commons-net/2.2/commons-net-2.2.jar:/home/ubuntu/.m2/repository/org/spark-project/akka/akka-remote_2.10/2.3.4-spark/akka-remote_2.10-2.3.4-spark.jar:/home/ubuntu/.m2/repository/org/spark-project/akka/akka-actor_2.10/2.3.4-spark/akka-actor_2.10-2.3.4-spark.jar:/home/ubuntu/.m2/repository/io/netty/netty/3.8.0.Final/netty-3.8.0.Final.jar:/home/ubuntu/.m2/repository/org/spark-project/protobuf/protobuf-java/2.5.0-spark/protobuf-java-2.5.0-spark.jar:/home/ubuntu/.m2/repository/org/uncommons/maths/uncommons-maths/1.2.2a/uncommons-maths-1.2.2a.jar:/home/ubuntu/.m2/repository/org/spark-project/akka/akka-slf4j_2.10/2.3.4-spark/akka-slf4j_2.10-2.3.4-spark.jar:/home/ubuntu/.m2/repository/org/json4s/json4s-jackson_2.10/3.2.10/json4s-jackson_2.10-3.2.10.jar:/home/ubuntu/.m2/repository/org/json4s/json4s-core_2.10/3.2.10/json4s-core_2.10-3.2.10.jar:/home/ubuntu/.m2/repository/org/json4s/json4s-ast_2.10/3.2.10/json4s-ast_2.10-3.2.10.jar:/home/ubuntu/.m2/repository/org/scala-lang/scalap/2.10.0/scalap-2.10.0.jar:/home/ubuntu/.m2/repository/com/sun/jersey/jersey-server/1.9/jersey-server-1.9.jar:/home/ubuntu/.m2/repository/asm/asm/3.1/asm-3.1.jar:/home/ubuntu/.m2/repository/com/sun/jersey/jersey-core/1.9/jersey-core-1.9.jar:/home/ubuntu/.m2/repository/org/apache/mesos/mesos/0.21.1/mesos-0.21.1-shaded-protobuf.jar:/home/ubuntu/.m2/repository/com/clearspring/analytics/stream/2.7.0/stream-2.7.0.jar:/home/ubuntu/.m2/repository/io/dropwizard/metrics/metrics-jvm/3.1.0/metrics-jvm-3.1.0.jar:/home/ubuntu/.m2/repository/io/dropwizard/metrics/metrics-json/3.1.0/metrics-json-3.1.0.jar:/home/ubuntu/.m2/repository/io/dropwizard/metrics/metrics-graphite/3.1.0/metrics-graphite-3.1.0.jar:/home/ubuntu/.m2/repository/com/fasterxml/jackson/core/jackson-databind/2.4.4/jackson-databind-2.4.4.jar:/home/ubuntu/.m2/repository/com/fasterxml/jackson/module/jackson-module-scala_2.10/2.4.4/jackson-module-scala_2.10-2.4.4.jar:/home/ubuntu/.m2/repository/com/thoughtworks/paranamer/paranamer/2.6/paranamer-2.6.jar:/home/ubuntu/.m2/repository/org/apache/ivy/ivy/2.4.0/ivy-2.4.0.jar:/home/ubuntu/.m2/repository/oro/oro/2.0.8/oro-2.0.8.jar:/home/ubuntu/.m2/repository/org/tachyonproject/tachyon-client/0.6.4/tachyon-client-0.6.4.jar:/home/ubuntu/.m2/repository/org/tachyonproject/tachyon/0.6.4/tachyon-0.6.4.jar:/home/ubuntu/.m2/repository/net/razorvine/pyrolite/4.4/pyrolite-4.4.jar:/home/ubuntu/.m2/repository/net/sf/py4j/py4j/0.8.2.1/py4j-0.8.2.1.jar:/home/ubuntu/.m2/repository/org/spark-project/spark/unused/1.0.0/unused-1.0.0.jar:/home/ubuntu/.m2/repository/org/apache/spark/spark-sql_2.10/1.4.1/spark-sql_2.10-1.4.1.jar:/home/ubuntu/.m2/repository/org/apache/spark/spark-catalyst_2.10/1.4.1/spark-catalyst_2.10-1.4.1.jar:/home/ubuntu/.m2/repository/org/scala-lang/scala-compiler/2.10.4/scala-compiler-2.10.4.jar:/home/ubuntu/.m2/repository/org/scalamacros/quasiquotes_2.10/2.0.1/quasiquotes_2.10-2.0.1.jar:/home/ubuntu/.m2/repository/com/twitter/parquet-column/1.6.0rc3/parquet-column-1.6.0rc3.jar:/home/ubuntu/.m2/repository/com/twitter/parquet-common/1.6.0rc3/parquet-common-1.6.0rc3.jar:/home/ubuntu/.m2/repository/com/twitter/parquet-encoding/1.6.0rc3/parquet-encoding-1.6.0rc3.jar:/home/ubuntu/.m2/repository/com/twitter/parquet-generator/1.6.0rc3/parquet-generator-1.6.0rc3.jar:/home/ubuntu/.m2/repository/com/twitter/parquet-hadoop/1.6.0rc3/parquet-hadoop-1.6.0rc3.jar:/home/ubuntu/.m2/repository/com/twitter/parquet-format/2.2.0-rc1/parquet-format-2.2.0-rc1.jar:/home/ubuntu/.m2/repository/com/twitter/parquet-jackson/1.6.0rc3/parquet-jackson-1.6.0rc3.jar:/home/ubuntu/.m2/repository/org/codehaus/jackson/jackson-core-asl/1.9.11/jackson-core-asl-1.9.11.jar:/home/ubuntu/.m2/repository/org/jodd/jodd-core/3.6.3/jodd-core-3.6.3.jar:/home/ubuntu/.m2/repository/org/apache/spark/spark-streaming_2.10/1.4.1/spark-streaming_2.10-1.4.1.jar:/home/ubuntu/.m2/repository/org/apache/spark/spark-mllib_2.10/1.4.1/spark-mllib_2.10-1.4.1.jar:/home/ubuntu/.m2/repository/org/apache/spark/spark-graphx_2.10/1.4.1/spark-graphx_2.10-1.4.1.jar:/home/ubuntu/.m2/repository/com/github/fommil/netlib/core/1.1.2/core-1.1.2.jar:/home/ubuntu/.m2/repository/net/sourceforge/f2j/arpack_combined_all/0.1/arpack_combined_all-0.1.jar:/home/ubuntu/.m2/repository/org/scalanlp/breeze_2.10/0.11.2/breeze_2.10-0.11.2.jar:/home/ubuntu/.m2/repository/org/scalanlp/breeze-macros_2.10/0.11.2/breeze-macros_2.10-0.11.2.jar:/home/ubuntu/.m2/repository/net/sf/opencsv/opencsv/2.3/opencsv-2.3.jar:/home/ubuntu/.m2/repository/com/github/rwl/jtransforms/2.4.0/jtransforms-2.4.0.jar:/home/ubuntu/.m2/repository/org/spire-math/spire_2.10/0.7.4/spire_2.10-0.7.4.jar:/home/ubuntu/.m2/repository/org/spire-math/spire-macros_2.10/0.7.4/spire-macros_2.10-0.7.4.jar:/home/ubuntu/.m2/repository/org/jpmml/pmml-model/1.1.15/pmml-model-1.1.15.jar:/home/ubuntu/.m2/repository/org/jpmml/pmml-agent/1.1.15/pmml-agent-1.1.15.jar:/home/ubuntu/.m2/repository/org/jpmml/pmml-schema/1.1.15/pmml-schema-1.1.15.jar:/home/ubuntu/.m2/repository/com/sun/xml/bind/jaxb-impl/2.2.7/jaxb-impl-2.2.7.jar:/home/ubuntu/.m2/repository/com/sun/xml/bind/jaxb-core/2.2.7/jaxb-core-2.2.7.jar:/home/ubuntu/.m2/repository/javax/xml/bind/jaxb-api/2.2.7/jaxb-api-2.2.7.jar:/home/ubuntu/.m2/repository/org/apache/spark/spark-hive_2.10/1.4.1/spark-hive_2.10-1.4.1.jar:/home/ubuntu/.m2/repository/org/spark-project/hive/hive-metastore/0.13.1a/hive-metastore-0.13.1a.jar:/home/ubuntu/.m2/repository/org/spark-project/hive/hive-shims/0.13.1a/hive-shims-0.13.1a.jar:/home/ubuntu/.m2/repository/org/spark-project/hive/shims/hive-shims-common/0.13.1a/hive-shims-common-0.13.1a.jar:/home/ubuntu/.m2/repository/org/spark-project/hive/shims/hive-shims-0.20/0.13.1a/hive-shims-0.20-0.13.1a.jar:/home/ubuntu/.m2/repository/org/mortbay/jetty/jetty/6.1.26/jetty-6.1.26.jar:/home/ubuntu/.m2/repository/org/mortbay/jetty/servlet-api/2.5-20081211/servlet-api-2.5-20081211.jar:/home/ubuntu/.m2/repository/org/spark-project/hive/shims/hive-shims-common-secure/0.13.1a/hive-shims-common-secure-0.13.1a.jar:/home/ubuntu/.m2/repository/org/spark-project/hive/shims/hive-shims-0.20S/0.13.1a/hive-shims-0.20S-0.13.1a.jar:/home/ubuntu/.m2/repository/org/spark-project/hive/shims/hive-shims-0.23/0.13.1a/hive-shims-0.23-0.13.1a.jar:/home/ubuntu/.m2/repository/com/jolbox/bonecp/0.8.0.RELEASE/bonecp-0.8.0.RELEASE.jar:/home/ubuntu/.m2/repository/commons-cli/commons-cli/1.2/commons-cli-1.2.jar:/home/ubuntu/.m2/repository/commons-lang/commons-lang/2.4/commons-lang-2.4.jar:/home/ubuntu/.m2/repository/org/apache/derby/derby/10.10.1.1/derby-10.10.1.1.jar:/home/ubuntu/.m2/repository/org/datanucleus/datanucleus-api-jdo/3.2.6/datanucleus-api-jdo-3.2.6.jar:/home/ubuntu/.m2/repository/org/datanucleus/datanucleus-core/3.2.10/datanucleus-core-3.2.10.jar:/home/ubuntu/.m2/repository/org/datanucleus/datanucleus-rdbms/3.2.9/datanucleus-rdbms-3.2.9.jar:/home/ubuntu/.m2/repository/javax/jdo/jdo-api/3.0.1/jdo-api-3.0.1.jar:/home/ubuntu/.m2/repository/javax/transaction/jta/1.1/jta-1.1.jar:/home/ubuntu/.m2/repository/org/antlr/antlr-runtime/3.4/antlr-runtime-3.4.jar:/home/ubuntu/.m2/repository/org/antlr/stringtemplate/3.2.1/stringtemplate-3.2.1.jar:/home/ubuntu/.m2/repository/antlr/antlr/2.7.7/antlr-2.7.7.jar:/home/ubuntu/.m2/repository/org/apache/thrift/libfb303/0.9.0/libfb303-0.9.0.jar:/home/ubuntu/.m2/repository/org/apache/thrift/libthrift/0.9.0/libthrift-0.9.0.jar:/home/ubuntu/.m2/repository/commons-httpclient/commons-httpclient/3.1/commons-httpclient-3.1.jar:/home/ubuntu/.m2/repository/org/spark-project/hive/hive-exec/0.13.1a/hive-exec-0.13.1a.jar:/home/ubuntu/.m2/repository/org/spark-project/hive/hive-ant/0.13.1a/hive-ant-0.13.1a.jar:/home/ubuntu/.m2/repository/org/apache/velocity/velocity/1.5/velocity-1.5.jar:/home/ubuntu/.m2/repository/org/spark-project/hive/hive-common/0.13.1a/hive-common-0.13.1a.jar:/home/ubuntu/.m2/repository/com/twitter/parquet-hadoop-bundle/1.3.2/parquet-hadoop-bundle-1.3.2.jar:/home/ubuntu/.m2/repository/javolution/javolution/5.5.1/javolution-5.5.1.jar:/home/ubuntu/.m2/repository/org/antlr/ST4/4.0.4/ST4-4.0.4.jar:/home/ubuntu/.m2/repository/org/apache/ant/ant/1.9.1/ant-1.9.1.jar:/home/ubuntu/.m2/repository/org/apache/ant/ant-launcher/1.9.1/ant-launcher-1.9.1.jar:/home/ubuntu/.m2/repository/org/apache/commons/commons-compress/1.4.1/commons-compress-1.4.1.jar:/home/ubuntu/.m2/repository/org/tukaani/xz/1.0/xz-1.0.jar:/home/ubuntu/.m2/repository/org/codehaus/groovy/groovy-all/2.1.6/groovy-all-2.1.6.jar:/home/ubuntu/.m2/repository/com/googlecode/javaewah/JavaEWAH/0.3.2/JavaEWAH-0.3.2.jar:/home/ubuntu/.m2/repository/org/iq80/snappy/snappy/0.2/snappy-0.2.jar:/home/ubuntu/.m2/repository/stax/stax-api/1.0.1/stax-api-1.0.1.jar:/home/ubuntu/.m2/repository/org/codehaus/jackson/jackson-mapper-asl/1.9.13/jackson-mapper-asl-1.9.13.jar:/home/ubuntu/.m2/repository/org/spark-project/hive/hive-serde/0.13.1a/hive-serde-0.13.1a.jar:/home/ubuntu/.m2/repository/org/apache/avro/avro/1.7.7/avro-1.7.7.jar:/home/ubuntu/.m2/repository/org/apache/avro/avro-mapred/1.7.7/avro-mapred-1.7.7-hadoop2.jar:/home/ubuntu/.m2/repository/org/apache/avro/avro-ipc/1.7.7/avro-ipc-1.7.7.jar:/home/ubuntu/.m2/repository/org/apache/avro/avro-ipc/1.7.7/avro-ipc-1.7.7-tests.jar:/home/ubuntu/.m2/repository/org/fluttercode/datafactory/datafactory/0.8/datafactory-0.8.jar:"/>
    <property name="sun.nio.ch.bugLevel" value=""/>
    <property name="java.specification.name" value="Java Platform API Specification"/>
    <property name="java.class.version" value="52.0"/>
    <property name="sun.management.compiler" value="HotSpot 64-Bit Tiered Compilers"/>
    <property name="os.version" value="4.15.0-1063-aws"/>
    <property name="user.home" value="/home/ubuntu"/>
    <property name="user.timezone" value="Etc/UTC"/>
    <property name="java.awt.printerjob" value="sun.print.PSPrinterJob"/>
    <property name="file.encoding" value="UTF-8"/>
    <property name="java.specification.version" value="1.8"/>
    <property name="user.name" value="ubuntu"/>
    <property name="java.class.path" value="/home/ubuntu/workspace/session1/target/test-classes:/home/ubuntu/workspace/session1/target/classes:/home/ubuntu/.m2/repository/org/glassfish/jersey/containers/jersey-container-grizzly2-http/2.22/jersey-container-grizzly2-http-2.22.jar:/home/ubuntu/.m2/repository/org/glassfish/hk2/external/javax.inject/2.4.0-b31/javax.inject-2.4.0-b31.jar:/home/ubuntu/.m2/repository/org/glassfish/grizzly/grizzly-http-server/2.3.22/grizzly-http-server-2.3.22.jar:/home/ubuntu/.m2/repository/org/glassfish/grizzly/grizzly-http/2.3.22/grizzly-http-2.3.22.jar:/home/ubuntu/.m2/repository/org/glassfish/grizzly/grizzly-framework/2.3.22/grizzly-framework-2.3.22.jar:/home/ubuntu/.m2/repository/org/glassfish/jersey/core/jersey-common/2.22/jersey-common-2.22.jar:/home/ubuntu/.m2/repository/javax/annotation/javax.annotation-api/1.2/javax.annotation-api-1.2.jar:/home/ubuntu/.m2/repository/org/glassfish/jersey/bundles/repackaged/jersey-guava/2.22/jersey-guava-2.22.jar:/home/ubuntu/.m2/repository/org/glassfish/hk2/hk2-api/2.4.0-b31/hk2-api-2.4.0-b31.jar:/home/ubuntu/.m2/repository/org/glassfish/hk2/hk2-utils/2.4.0-b31/hk2-utils-2.4.0-b31.jar:/home/ubuntu/.m2/repository/org/glassfish/hk2/external/aopalliance-repackaged/2.4.0-b31/aopalliance-repackaged-2.4.0-b31.jar:/home/ubuntu/.m2/repository/org/glassfish/hk2/hk2-locator/2.4.0-b31/hk2-locator-2.4.0-b31.jar:/home/ubuntu/.m2/repository/org/javassist/javassist/3.18.1-GA/javassist-3.18.1-GA.jar:/home/ubuntu/.m2/repository/org/glassfish/hk2/osgi-resource-locator/1.0.1/osgi-resource-locator-1.0.1.jar:/home/ubuntu/.m2/repository/org/glassfish/jersey/core/jersey-server/2.22/jersey-server-2.22.jar:/home/ubuntu/.m2/repository/org/glassfish/jersey/core/jersey-client/2.22/jersey-client-2.22.jar:/home/ubuntu/.m2/repository/org/glassfish/jersey/media/jersey-media-jaxb/2.22/jersey-media-jaxb-2.22.jar:/home/ubuntu/.m2/repository/javax/validation/validation-api/1.1.0.Final/validation-api-1.1.0.Final.jar:/home/ubuntu/.m2/repository/javax/ws/rs/javax.ws.rs-api/2.0.1/javax.ws.rs-api-2.0.1.jar:/home/ubuntu/.m2/repository/org/glassfish/jersey/media/jersey-media-moxy/2.22/jersey-media-moxy-2.22.jar:/home/ubuntu/.m2/repository/org/glassfish/jersey/ext/jersey-entity-filtering/2.22/jersey-entity-filtering-2.22.jar:/home/ubuntu/.m2/repository/org/eclipse/persistence/org.eclipse.persistence.moxy/2.6.0/org.eclipse.persistence.moxy-2.6.0.jar:/home/ubuntu/.m2/repository/org/eclipse/persistence/org.eclipse.persistence.core/2.6.0/org.eclipse.persistence.core-2.6.0.jar:/home/ubuntu/.m2/repository/org/eclipse/persistence/org.eclipse.persistence.asm/2.6.0/org.eclipse.persistence.asm-2.6.0.jar:/home/ubuntu/.m2/repository/org/glassfish/javax.json/1.0.4/javax.json-1.0.4.jar:/home/ubuntu/.m2/repository/org/glassfish/jersey/media/jersey-media-json-jackson/2.22/jersey-media-json-jackson-2.22.jar:/home/ubuntu/.m2/repository/com/fasterxml/jackson/jaxrs/jackson-jaxrs-base/2.5.4/jackson-jaxrs-base-2.5.4.jar:/home/ubuntu/.m2/repository/com/fasterxml/jackson/core/jackson-core/2.5.4/jackson-core-2.5.4.jar:/home/ubuntu/.m2/repository/com/fasterxml/jackson/jaxrs/jackson-jaxrs-json-provider/2.5.4/jackson-jaxrs-json-provider-2.5.4.jar:/home/ubuntu/.m2/repository/com/fasterxml/jackson/module/jackson-module-jaxb-annotations/2.5.4/jackson-module-jaxb-annotations-2.5.4.jar:/home/ubuntu/.m2/repository/com/fasterxml/jackson/core/jackson-annotations/2.5.4/jackson-annotations-2.5.4.jar:/home/ubuntu/.m2/repository/com/datastax/dse/dse-java-driver-core/1.6.6/dse-java-driver-core-1.6.6.jar:/home/ubuntu/.m2/repository/io/netty/netty-handler/4.0.56.Final/netty-handler-4.0.56.Final.jar:/home/ubuntu/.m2/repository/io/netty/netty-buffer/4.0.56.Final/netty-buffer-4.0.56.Final.jar:/home/ubuntu/.m2/repository/io/netty/netty-common/4.0.56.Final/netty-common-4.0.56.Final.jar:/home/ubuntu/.m2/repository/io/netty/netty-transport/4.0.56.Final/netty-transport-4.0.56.Final.jar:/home/ubuntu/.m2/repository/io/netty/netty-codec/4.0.56.Final/netty-codec-4.0.56.Final.jar:/home/ubuntu/.m2/repository/io/dropwizard/metrics/metrics-core/3.2.2/metrics-core-3.2.2.jar:/home/ubuntu/.m2/repository/org/slf4j/slf4j-api/1.7.25/slf4j-api-1.7.25.jar:/home/ubuntu/.m2/repository/com/github/jnr/jnr-ffi/2.1.7/jnr-ffi-2.1.7.jar:/home/ubuntu/.m2/repository/com/github/jnr/jffi/1.2.16/jffi-1.2.16.jar:/home/ubuntu/.m2/repository/com/github/jnr/jffi/1.2.16/jffi-1.2.16-native.jar:/home/ubuntu/.m2/repository/org/ow2/asm/asm/5.0.3/asm-5.0.3.jar:/home/ubuntu/.m2/repository/org/ow2/asm/asm-commons/5.0.3/asm-commons-5.0.3.jar:/home/ubuntu/.m2/repository/org/ow2/asm/asm-analysis/5.0.3/asm-analysis-5.0.3.jar:/home/ubuntu/.m2/repository/org/ow2/asm/asm-tree/5.0.3/asm-tree-5.0.3.jar:/home/ubuntu/.m2/repository/org/ow2/asm/asm-util/5.0.3/asm-util-5.0.3.jar:/home/ubuntu/.m2/repository/com/github/jnr/jnr-x86asm/1.0.2/jnr-x86asm-1.0.2.jar:/home/ubuntu/.m2/repository/com/github/jnr/jnr-posix/3.0.44/jnr-posix-3.0.44.jar:/home/ubuntu/.m2/repository/com/github/jnr/jnr-constants/0.9.9/jnr-constants-0.9.9.jar:/home/ubuntu/.m2/repository/com/datastax/dse/dse-java-driver-mapping/1.6.6/dse-java-driver-mapping-1.6.6.jar:/home/ubuntu/.m2/repository/com/datastax/dse/dse-java-driver-extras/1.6.6/dse-java-driver-extras-1.6.6.jar:/home/ubuntu/.m2/repository/ch/qos/logback/logback-classic/1.0.9/logback-classic-1.0.9.jar:/home/ubuntu/.m2/repository/ch/qos/logback/logback-core/1.0.9/logback-core-1.0.9.jar:/home/ubuntu/.m2/repository/org/slf4j/jul-to-slf4j/1.7.10/jul-to-slf4j-1.7.10.jar:/home/ubuntu/.m2/repository/com/typesafe/config/1.2.1/config-1.2.1.jar:/home/ubuntu/.m2/repository/org/apache/solr/solr-solrj/4.10.1/solr-solrj-4.10.1.jar:/home/ubuntu/.m2/repository/org/apache/httpcomponents/httpclient/4.3.1/httpclient-4.3.1.jar:/home/ubuntu/.m2/repository/org/apache/httpcomponents/httpcore/4.3/httpcore-4.3.jar:/home/ubuntu/.m2/repository/org/apache/httpcomponents/httpmime/4.3.1/httpmime-4.3.1.jar:/home/ubuntu/.m2/repository/org/apache/zookeeper/zookeeper/3.4.6/zookeeper-3.4.6.jar:/home/ubuntu/.m2/repository/org/codehaus/woodstox/wstx-asl/3.2.7/wstx-asl-3.2.7.jar:/home/ubuntu/.m2/repository/org/noggit/noggit/0.5/noggit-0.5.jar:/home/ubuntu/.m2/repository/org/json/json/20151123/json-20151123.jar:/home/ubuntu/.m2/repository/com/google/guava/guava/18.0/guava-18.0.jar:/home/ubuntu/.m2/repository/io/netty/netty-all/4.0.4.Final/netty-all-4.0.4.Final.jar:/home/ubuntu/.m2/repository/junit/junit/4.9/junit-4.9.jar:/home/ubuntu/.m2/repository/org/hamcrest/hamcrest-core/1.3/hamcrest-core-1.3.jar:/home/ubuntu/.m2/repository/org/mockito/mockito-all/1.10.8/mockito-all-1.10.8.jar:/home/ubuntu/.m2/repository/commons-io/commons-io/2.4/commons-io-2.4.jar:/home/ubuntu/.m2/repository/commons-logging/commons-logging/1.1.3/commons-logging-1.1.3.jar:/home/ubuntu/.m2/repository/javax/servlet/javax.servlet-api/3.0.1/javax.servlet-api-3.0.1.jar:/home/ubuntu/.m2/repository/com/google/code/gson/gson/2.6.2/gson-2.6.2.jar:/home/ubuntu/.m2/repository/com/datastax/spark/spark-cassandra-connector_2.10/1.5.0/spark-cassandra-connector_2.10-1.5.0.jar:/home/ubuntu/.m2/repository/org/scala-lang/scala-library/2.10.5/scala-library-2.10.5.jar:/home/ubuntu/.m2/repository/org/apache/cassandra/cassandra-clientutil/3.0.2/cassandra-clientutil-3.0.2.jar:/home/ubuntu/.m2/repository/com/datastax/cassandra/cassandra-driver-core/3.0.0/cassandra-driver-core-3.0.0.jar:/home/ubuntu/.m2/repository/org/apache/commons/commons-lang3/3.3.2/commons-lang3-3.3.2.jar:/home/ubuntu/.m2/repository/org/joda/joda-convert/1.2/joda-convert-1.2.jar:/home/ubuntu/.m2/repository/joda-time/joda-time/2.3/joda-time-2.3.jar:/home/ubuntu/.m2/repository/com/twitter/jsr166e/1.1.0/jsr166e-1.1.0.jar:/home/ubuntu/.m2/repository/org/scala-lang/scala-reflect/2.10.5/scala-reflect-2.10.5.jar:/home/ubuntu/.m2/repository/com/datastax/spark/spark-cassandra-connector-java_2.10/1.5.0/spark-cassandra-connector-java_2.10-1.5.0.jar:/home/ubuntu/.m2/repository/org/apache/spark/spark-core_2.10/1.4.1/spark-core_2.10-1.4.1.jar:/home/ubuntu/.m2/repository/com/twitter/chill_2.10/0.5.0/chill_2.10-0.5.0.jar:/home/ubuntu/.m2/repository/com/esotericsoftware/kryo/kryo/2.21/kryo-2.21.jar:/home/ubuntu/.m2/repository/com/esotericsoftware/reflectasm/reflectasm/1.07/reflectasm-1.07-shaded.jar:/home/ubuntu/.m2/repository/com/esotericsoftware/minlog/minlog/1.2/minlog-1.2.jar:/home/ubuntu/.m2/repository/org/objenesis/objenesis/1.2/objenesis-1.2.jar:/home/ubuntu/.m2/repository/com/twitter/chill-java/0.5.0/chill-java-0.5.0.jar:/home/ubuntu/.m2/repository/org/apache/hadoop/hadoop-client/2.2.0/hadoop-client-2.2.0.jar:/home/ubuntu/.m2/repository/org/apache/hadoop/hadoop-common/2.2.0/hadoop-common-2.2.0.jar:/home/ubuntu/.m2/repository/org/apache/commons/commons-math/2.1/commons-math-2.1.jar:/home/ubuntu/.m2/repository/xmlenc/xmlenc/0.52/xmlenc-0.52.jar:/home/ubuntu/.m2/repository/commons-configuration/commons-configuration/1.6/commons-configuration-1.6.jar:/home/ubuntu/.m2/repository/commons-collections/commons-collections/3.2.1/commons-collections-3.2.1.jar:/home/ubuntu/.m2/repository/commons-digester/commons-digester/1.8/commons-digester-1.8.jar:/home/ubuntu/.m2/repository/commons-beanutils/commons-beanutils/1.7.0/commons-beanutils-1.7.0.jar:/home/ubuntu/.m2/repository/commons-beanutils/commons-beanutils-core/1.8.0/commons-beanutils-core-1.8.0.jar:/home/ubuntu/.m2/repository/com/google/protobuf/protobuf-java/2.5.0/protobuf-java-2.5.0.jar:/home/ubuntu/.m2/repository/org/apache/hadoop/hadoop-auth/2.2.0/hadoop-auth-2.2.0.jar:/home/ubuntu/.m2/repository/org/apache/hadoop/hadoop-hdfs/2.2.0/hadoop-hdfs-2.2.0.jar:/home/ubuntu/.m2/repository/org/mortbay/jetty/jetty-util/6.1.26/jetty-util-6.1.26.jar:/home/ubuntu/.m2/repository/org/apache/hadoop/hadoop-mapreduce-client-app/2.2.0/hadoop-mapreduce-client-app-2.2.0.jar:/home/ubuntu/.m2/repository/org/apache/hadoop/hadoop-mapreduce-client-common/2.2.0/hadoop-mapreduce-client-common-2.2.0.jar:/home/ubuntu/.m2/repository/org/apache/hadoop/hadoop-yarn-client/2.2.0/hadoop-yarn-client-2.2.0.jar:/home/ubuntu/.m2/repository/com/google/inject/guice/3.0/guice-3.0.jar:/home/ubuntu/.m2/repository/javax/inject/javax.inject/1/javax.inject-1.jar:/home/ubuntu/.m2/repository/aopalliance/aopalliance/1.0/aopalliance-1.0.jar:/home/ubuntu/.m2/repository/com/sun/jersey/jersey-test-framework/jersey-test-framework-grizzly2/1.9/jersey-test-framework-grizzly2-1.9.jar:/home/ubuntu/.m2/repository/com/sun/jersey/jersey-test-framework/jersey-test-framework-core/1.9/jersey-test-framework-core-1.9.jar:/home/ubuntu/.m2/repository/com/sun/jersey/jersey-client/1.9/jersey-client-1.9.jar:/home/ubuntu/.m2/repository/com/sun/jersey/jersey-grizzly2/1.9/jersey-grizzly2-1.9.jar:/home/ubuntu/.m2/repository/org/glassfish/grizzly/grizzly-http-servlet/2.1.2/grizzly-http-servlet-2.1.2.jar:/home/ubuntu/.m2/repository/org/glassfish/javax.servlet/3.1/javax.servlet-3.1.jar:/home/ubuntu/.m2/repository/com/sun/jersey/jersey-json/1.9/jersey-json-1.9.jar:/home/ubuntu/.m2/repository/org/codehaus/jettison/jettison/1.1/jettison-1.1.jar:/home/ubuntu/.m2/repository/org/codehaus/jackson/jackson-jaxrs/1.8.3/jackson-jaxrs-1.8.3.jar:/home/ubuntu/.m2/repository/org/codehaus/jackson/jackson-xc/1.8.3/jackson-xc-1.8.3.jar:/home/ubuntu/.m2/repository/com/sun/jersey/contribs/jersey-guice/1.9/jersey-guice-1.9.jar:/home/ubuntu/.m2/repository/org/apache/hadoop/hadoop-yarn-server-common/2.2.0/hadoop-yarn-server-common-2.2.0.jar:/home/ubuntu/.m2/repository/org/apache/hadoop/hadoop-mapreduce-client-shuffle/2.2.0/hadoop-mapreduce-client-shuffle-2.2.0.jar:/home/ubuntu/.m2/repository/org/apache/hadoop/hadoop-yarn-api/2.2.0/hadoop-yarn-api-2.2.0.jar:/home/ubuntu/.m2/repository/org/apache/hadoop/hadoop-mapreduce-client-core/2.2.0/hadoop-mapreduce-client-core-2.2.0.jar:/home/ubuntu/.m2/repository/org/apache/hadoop/hadoop-yarn-common/2.2.0/hadoop-yarn-common-2.2.0.jar:/home/ubuntu/.m2/repository/org/apache/hadoop/hadoop-mapreduce-client-jobclient/2.2.0/hadoop-mapreduce-client-jobclient-2.2.0.jar:/home/ubuntu/.m2/repository/org/apache/hadoop/hadoop-annotations/2.2.0/hadoop-annotations-2.2.0.jar:/home/ubuntu/.m2/repository/org/apache/spark/spark-launcher_2.10/1.4.1/spark-launcher_2.10-1.4.1.jar:/home/ubuntu/.m2/repository/org/apache/spark/spark-network-common_2.10/1.4.1/spark-network-common_2.10-1.4.1.jar:/home/ubuntu/.m2/repository/org/apache/spark/spark-network-shuffle_2.10/1.4.1/spark-network-shuffle_2.10-1.4.1.jar:/home/ubuntu/.m2/repository/org/apache/spark/spark-unsafe_2.10/1.4.1/spark-unsafe_2.10-1.4.1.jar:/home/ubuntu/.m2/repository/net/java/dev/jets3t/jets3t/0.7.1/jets3t-0.7.1.jar:/home/ubuntu/.m2/repository/commons-codec/commons-codec/1.3/commons-codec-1.3.jar:/home/ubuntu/.m2/repository/org/apache/curator/curator-recipes/2.4.0/curator-recipes-2.4.0.jar:/home/ubuntu/.m2/repository/org/apache/curator/curator-framework/2.4.0/curator-framework-2.4.0.jar:/home/ubuntu/.m2/repository/org/apache/curator/curator-client/2.4.0/curator-client-2.4.0.jar:/home/ubuntu/.m2/repository/org/eclipse/jetty/orbit/javax.servlet/3.0.0.v201112011016/javax.servlet-3.0.0.v201112011016.jar:/home/ubuntu/.m2/repository/org/apache/commons/commons-math3/3.4.1/commons-math3-3.4.1.jar:/home/ubuntu/.m2/repository/com/google/code/findbugs/jsr305/1.3.9/jsr305-1.3.9.jar:/home/ubuntu/.m2/repository/org/slf4j/jcl-over-slf4j/1.7.10/jcl-over-slf4j-1.7.10.jar:/home/ubuntu/.m2/repository/log4j/log4j/1.2.17/log4j-1.2.17.jar:/home/ubuntu/.m2/repository/org/slf4j/slf4j-log4j12/1.7.10/slf4j-log4j12-1.7.10.jar:/home/ubuntu/.m2/repository/com/ning/compress-lzf/1.0.3/compress-lzf-1.0.3.jar:/home/ubuntu/.m2/repository/org/xerial/snappy/snappy-java/1.1.1.7/snappy-java-1.1.1.7.jar:/home/ubuntu/.m2/repository/net/jpountz/lz4/lz4/1.2.0/lz4-1.2.0.jar:/home/ubuntu/.m2/repository/org/roaringbitmap/RoaringBitmap/0.4.5/RoaringBitmap-0.4.5.jar:/home/ubuntu/.m2/repository/commons-net/commons-net/2.2/commons-net-2.2.jar:/home/ubuntu/.m2/repository/org/spark-project/akka/akka-remote_2.10/2.3.4-spark/akka-remote_2.10-2.3.4-spark.jar:/home/ubuntu/.m2/repository/org/spark-project/akka/akka-actor_2.10/2.3.4-spark/akka-actor_2.10-2.3.4-spark.jar:/home/ubuntu/.m2/repository/io/netty/netty/3.8.0.Final/netty-3.8.0.Final.jar:/home/ubuntu/.m2/repository/org/spark-project/protobuf/protobuf-java/2.5.0-spark/protobuf-java-2.5.0-spark.jar:/home/ubuntu/.m2/repository/org/uncommons/maths/uncommons-maths/1.2.2a/uncommons-maths-1.2.2a.jar:/home/ubuntu/.m2/repository/org/spark-project/akka/akka-slf4j_2.10/2.3.4-spark/akka-slf4j_2.10-2.3.4-spark.jar:/home/ubuntu/.m2/repository/org/json4s/json4s-jackson_2.10/3.2.10/json4s-jackson_2.10-3.2.10.jar:/home/ubuntu/.m2/repository/org/json4s/json4s-core_2.10/3.2.10/json4s-core_2.10-3.2.10.jar:/home/ubuntu/.m2/repository/org/json4s/json4s-ast_2.10/3.2.10/json4s-ast_2.10-3.2.10.jar:/home/ubuntu/.m2/repository/org/scala-lang/scalap/2.10.0/scalap-2.10.0.jar:/home/ubuntu/.m2/repository/com/sun/jersey/jersey-server/1.9/jersey-server-1.9.jar:/home/ubuntu/.m2/repository/asm/asm/3.1/asm-3.1.jar:/home/ubuntu/.m2/repository/com/sun/jersey/jersey-core/1.9/jersey-core-1.9.jar:/home/ubuntu/.m2/repository/org/apache/mesos/mesos/0.21.1/mesos-0.21.1-shaded-protobuf.jar:/home/ubuntu/.m2/repository/com/clearspring/analytics/stream/2.7.0/stream-2.7.0.jar:/home/ubuntu/.m2/repository/io/dropwizard/metrics/metrics-jvm/3.1.0/metrics-jvm-3.1.0.jar:/home/ubuntu/.m2/repository/io/dropwizard/metrics/metrics-json/3.1.0/metrics-json-3.1.0.jar:/home/ubuntu/.m2/repository/io/dropwizard/metrics/metrics-graphite/3.1.0/metrics-graphite-3.1.0.jar:/home/ubuntu/.m2/repository/com/fasterxml/jackson/core/jackson-databind/2.4.4/jackson-databind-2.4.4.jar:/home/ubuntu/.m2/repository/com/fasterxml/jackson/module/jackson-module-scala_2.10/2.4.4/jackson-module-scala_2.10-2.4.4.jar:/home/ubuntu/.m2/repository/com/thoughtworks/paranamer/paranamer/2.6/paranamer-2.6.jar:/home/ubuntu/.m2/repository/org/apache/ivy/ivy/2.4.0/ivy-2.4.0.jar:/home/ubuntu/.m2/repository/oro/oro/2.0.8/oro-2.0.8.jar:/home/ubuntu/.m2/repository/org/tachyonproject/tachyon-client/0.6.4/tachyon-client-0.6.4.jar:/home/ubuntu/.m2/repository/org/tachyonproject/tachyon/0.6.4/tachyon-0.6.4.jar:/home/ubuntu/.m2/repository/net/razorvine/pyrolite/4.4/pyrolite-4.4.jar:/home/ubuntu/.m2/repository/net/sf/py4j/py4j/0.8.2.1/py4j-0.8.2.1.jar:/home/ubuntu/.m2/repository/org/spark-project/spark/unused/1.0.0/unused-1.0.0.jar:/home/ubuntu/.m2/repository/org/apache/spark/spark-sql_2.10/1.4.1/spark-sql_2.10-1.4.1.jar:/home/ubuntu/.m2/repository/org/apache/spark/spark-catalyst_2.10/1.4.1/spark-catalyst_2.10-1.4.1.jar:/home/ubuntu/.m2/repository/org/scala-lang/scala-compiler/2.10.4/scala-compiler-2.10.4.jar:/home/ubuntu/.m2/repository/org/scalamacros/quasiquotes_2.10/2.0.1/quasiquotes_2.10-2.0.1.jar:/home/ubuntu/.m2/repository/com/twitter/parquet-column/1.6.0rc3/parquet-column-1.6.0rc3.jar:/home/ubuntu/.m2/repository/com/twitter/parquet-common/1.6.0rc3/parquet-common-1.6.0rc3.jar:/home/ubuntu/.m2/repository/com/twitter/parquet-encoding/1.6.0rc3/parquet-encoding-1.6.0rc3.jar:/home/ubuntu/.m2/repository/com/twitter/parquet-generator/1.6.0rc3/parquet-generator-1.6.0rc3.jar:/home/ubuntu/.m2/repository/com/twitter/parquet-hadoop/1.6.0rc3/parquet-hadoop-1.6.0rc3.jar:/home/ubuntu/.m2/repository/com/twitter/parquet-format/2.2.0-rc1/parquet-format-2.2.0-rc1.jar:/home/ubuntu/.m2/repository/com/twitter/parquet-jackson/1.6.0rc3/parquet-jackson-1.6.0rc3.jar:/home/ubuntu/.m2/repository/org/codehaus/jackson/jackson-core-asl/1.9.11/jackson-core-asl-1.9.11.jar:/home/ubuntu/.m2/repository/org/jodd/jodd-core/3.6.3/jodd-core-3.6.3.jar:/home/ubuntu/.m2/repository/org/apache/spark/spark-streaming_2.10/1.4.1/spark-streaming_2.10-1.4.1.jar:/home/ubuntu/.m2/repository/org/apache/spark/spark-mllib_2.10/1.4.1/spark-mllib_2.10-1.4.1.jar:/home/ubuntu/.m2/repository/org/apache/spark/spark-graphx_2.10/1.4.1/spark-graphx_2.10-1.4.1.jar:/home/ubuntu/.m2/repository/com/github/fommil/netlib/core/1.1.2/core-1.1.2.jar:/home/ubuntu/.m2/repository/net/sourceforge/f2j/arpack_combined_all/0.1/arpack_combined_all-0.1.jar:/home/ubuntu/.m2/repository/org/scalanlp/breeze_2.10/0.11.2/breeze_2.10-0.11.2.jar:/home/ubuntu/.m2/repository/org/scalanlp/breeze-macros_2.10/0.11.2/breeze-macros_2.10-0.11.2.jar:/home/ubuntu/.m2/repository/net/sf/opencsv/opencsv/2.3/opencsv-2.3.jar:/home/ubuntu/.m2/repository/com/github/rwl/jtransforms/2.4.0/jtransforms-2.4.0.jar:/home/ubuntu/.m2/repository/org/spire-math/spire_2.10/0.7.4/spire_2.10-0.7.4.jar:/home/ubuntu/.m2/repository/org/spire-math/spire-macros_2.10/0.7.4/spire-macros_2.10-0.7.4.jar:/home/ubuntu/.m2/repository/org/jpmml/pmml-model/1.1.15/pmml-model-1.1.15.jar:/home/ubuntu/.m2/repository/org/jpmml/pmml-agent/1.1.15/pmml-agent-1.1.15.jar:/home/ubuntu/.m2/repository/org/jpmml/pmml-schema/1.1.15/pmml-schema-1.1.15.jar:/home/ubuntu/.m2/repository/com/sun/xml/bind/jaxb-impl/2.2.7/jaxb-impl-2.2.7.jar:/home/ubuntu/.m2/repository/com/sun/xml/bind/jaxb-core/2.2.7/jaxb-core-2.2.7.jar:/home/ubuntu/.m2/repository/javax/xml/bind/jaxb-api/2.2.7/jaxb-api-2.2.7.jar:/home/ubuntu/.m2/repository/org/apache/spark/spark-hive_2.10/1.4.1/spark-hive_2.10-1.4.1.jar:/home/ubuntu/.m2/repository/org/spark-project/hive/hive-metastore/0.13.1a/hive-metastore-0.13.1a.jar:/home/ubuntu/.m2/repository/org/spark-project/hive/hive-shims/0.13.1a/hive-shims-0.13.1a.jar:/home/ubuntu/.m2/repository/org/spark-project/hive/shims/hive-shims-common/0.13.1a/hive-shims-common-0.13.1a.jar:/home/ubuntu/.m2/repository/org/spark-project/hive/shims/hive-shims-0.20/0.13.1a/hive-shims-0.20-0.13.1a.jar:/home/ubuntu/.m2/repository/org/mortbay/jetty/jetty/6.1.26/jetty-6.1.26.jar:/home/ubuntu/.m2/repository/org/mortbay/jetty/servlet-api/2.5-20081211/servlet-api-2.5-20081211.jar:/home/ubuntu/.m2/repository/org/spark-project/hive/shims/hive-shims-common-secure/0.13.1a/hive-shims-common-secure-0.13.1a.jar:/home/ubuntu/.m2/repository/org/spark-project/hive/shims/hive-shims-0.20S/0.13.1a/hive-shims-0.20S-0.13.1a.jar:/home/ubuntu/.m2/repository/org/spark-project/hive/shims/hive-shims-0.23/0.13.1a/hive-shims-0.23-0.13.1a.jar:/home/ubuntu/.m2/repository/com/jolbox/bonecp/0.8.0.RELEASE/bonecp-0.8.0.RELEASE.jar:/home/ubuntu/.m2/repository/commons-cli/commons-cli/1.2/commons-cli-1.2.jar:/home/ubuntu/.m2/repository/commons-lang/commons-lang/2.4/commons-lang-2.4.jar:/home/ubuntu/.m2/repository/org/apache/derby/derby/10.10.1.1/derby-10.10.1.1.jar:/home/ubuntu/.m2/repository/org/datanucleus/datanucleus-api-jdo/3.2.6/datanucleus-api-jdo-3.2.6.jar:/home/ubuntu/.m2/repository/org/datanucleus/datanucleus-core/3.2.10/datanucleus-core-3.2.10.jar:/home/ubuntu/.m2/repository/org/datanucleus/datanucleus-rdbms/3.2.9/datanucleus-rdbms-3.2.9.jar:/home/ubuntu/.m2/repository/javax/jdo/jdo-api/3.0.1/jdo-api-3.0.1.jar:/home/ubuntu/.m2/repository/javax/transaction/jta/1.1/jta-1.1.jar:/home/ubuntu/.m2/repository/org/antlr/antlr-runtime/3.4/antlr-runtime-3.4.jar:/home/ubuntu/.m2/repository/org/antlr/stringtemplate/3.2.1/stringtemplate-3.2.1.jar:/home/ubuntu/.m2/repository/antlr/antlr/2.7.7/antlr-2.7.7.jar:/home/ubuntu/.m2/repository/org/apache/thrift/libfb303/0.9.0/libfb303-0.9.0.jar:/home/ubuntu/.m2/repository/org/apache/thrift/libthrift/0.9.0/libthrift-0.9.0.jar:/home/ubuntu/.m2/repository/commons-httpclient/commons-httpclient/3.1/commons-httpclient-3.1.jar:/home/ubuntu/.m2/repository/org/spark-project/hive/hive-exec/0.13.1a/hive-exec-0.13.1a.jar:/home/ubuntu/.m2/repository/org/spark-project/hive/hive-ant/0.13.1a/hive-ant-0.13.1a.jar:/home/ubuntu/.m2/repository/org/apache/velocity/velocity/1.5/velocity-1.5.jar:/home/ubuntu/.m2/repository/org/spark-project/hive/hive-common/0.13.1a/hive-common-0.13.1a.jar:/home/ubuntu/.m2/repository/com/twitter/parquet-hadoop-bundle/1.3.2/parquet-hadoop-bundle-1.3.2.jar:/home/ubuntu/.m2/repository/javolution/javolution/5.5.1/javolution-5.5.1.jar:/home/ubuntu/.m2/repository/org/antlr/ST4/4.0.4/ST4-4.0.4.jar:/home/ubuntu/.m2/repository/org/apache/ant/ant/1.9.1/ant-1.9.1.jar:/home/ubuntu/.m2/repository/org/apache/ant/ant-launcher/1.9.1/ant-launcher-1.9.1.jar:/home/ubuntu/.m2/repository/org/apache/commons/commons-compress/1.4.1/commons-compress-1.4.1.jar:/home/ubuntu/.m2/repository/org/tukaani/xz/1.0/xz-1.0.jar:/home/ubuntu/.m2/repository/org/codehaus/groovy/groovy-all/2.1.6/groovy-all-2.1.6.jar:/home/ubuntu/.m2/repository/com/googlecode/javaewah/JavaEWAH/0.3.2/JavaEWAH-0.3.2.jar:/home/ubuntu/.m2/repository/org/iq80/snappy/snappy/0.2/snappy-0.2.jar:/home/ubuntu/.m2/repository/stax/stax-api/1.0.1/stax-api-1.0.1.jar:/home/ubuntu/.m2/repository/org/codehaus/jackson/jackson-mapper-asl/1.9.13/jackson-mapper-asl-1.9.13.jar:/home/ubuntu/.m2/repository/org/spark-project/hive/hive-serde/0.13.1a/hive-serde-0.13.1a.jar:/home/ubuntu/.m2/repository/org/apache/avro/avro/1.7.7/avro-1.7.7.jar:/home/ubuntu/.m2/repository/org/apache/avro/avro-mapred/1.7.7/avro-mapred-1.7.7-hadoop2.jar:/home/ubuntu/.m2/repository/org/apache/avro/avro-ipc/1.7.7/avro-ipc-1.7.7.jar:/home/ubuntu/.m2/repository/org/apache/avro/avro-ipc/1.7.7/avro-ipc-1.7.7-tests.jar:/home/ubuntu/.m2/repository/org/fluttercode/datafactory/datafactory/0.8/datafactory-0.8.jar:"/>
    <property name="java.vm.specification.version" value="1.8"/>
    <property name="sun.arch.data.model" value="64"/>
    <property name="java.home" value="/usr/lib/jvm/java-8-openjdk-amd64/jre"/>
    <property name="sun.java.command" value="/home/ubuntu/workspace/session1/target/surefire/surefirebooter1399924128711745299.jar /home/ubuntu/workspace/session1/target/surefire/surefire3985930636292498265tmp /home/ubuntu/workspace/session1/target/surefire/surefire1508332672796428826tmp"/>
    <property name="java.specification.vendor" value="Oracle Corporation"/>
    <property name="user.language" value="en"/>
    <property name="awt.toolkit" value="sun.awt.X11.XToolkit"/>
    <property name="java.vm.info" value="mixed mode"/>
    <property name="java.version" value="1.8.0_292"/>
    <property name="java.ext.dirs" value="/usr/lib/jvm/java-8-openjdk-amd64/jre/lib/ext:/usr/java/packages/lib/ext"/>
    <property name="sun.boot.class.path" value="/usr/lib/jvm/java-8-openjdk-amd64/jre/lib/resources.jar:/usr/lib/jvm/java-8-openjdk-amd64/jre/lib/rt.jar:/usr/lib/jvm/java-8-openjdk-amd64/jre/lib/sunrsasign.jar:/usr/lib/jvm/java-8-openjdk-amd64/jre/lib/jsse.jar:/usr/lib/jvm/java-8-openjdk-amd64/jre/lib/jce.jar:/usr/lib/jvm/java-8-openjdk-amd64/jre/lib/charsets.jar:/usr/lib/jvm/java-8-openjdk-amd64/jre/lib/jfr.jar:/usr/lib/jvm/java-8-openjdk-amd64/jre/classes"/>
    <property name="java.vendor" value="Private Build"/>
    <property name="localRepository" value="/home/ubuntu/.m2/repository"/>
    <property name="file.separator" value="/"/>
    <property name="java.vendor.url.bug" value="http://bugreport.sun.com/bugreport/"/>
    <property name="sun.cpu.endian" value="little"/>
    <property name="sun.io.unicode.encoding" value="UnicodeLittle"/>
    <property name="sun.cpu.isalist" value=""/>
  </properties>
  <testcase classname="com.datastax.training.killrvideo.dao.cassandra.BatchStatementVideoDAOTest" name="com.datastax.training.killrvideo.dao.cassandra.BatchStatementVideoDAOTest" time="52.962">
    <error type="java.lang.NullPointerException">java.lang.NullPointerException
	at com.datastax.driver.mapping.MappingManager.getProtocolVersion(MappingManager.java:53)
	at com.datastax.driver.mapping.MappingManager.&lt;init&gt;(MappingManager.java:49)
	at com.datastax.training.killrvideo.util.CassandraSession.initCassandra(CassandraSession.java:32)
	at com.datastax.training.killrvideo.testutilities.AbstractDSETest.setupCassandraUtil(AbstractDSETest.java:57)
	at sun.reflect.NativeMethodAccessorImpl.invoke0(Native Method)
	at sun.reflect.NativeMethodAccessorImpl.invoke(NativeMethodAccessorImpl.java:62)
	at sun.reflect.DelegatingMethodAccessorImpl.invoke(DelegatingMethodAccessorImpl.java:43)
	at java.lang.reflect.Method.invoke(Method.java:498)
	at org.junit.runners.model.FrameworkMethod$1.runReflectiveCall(FrameworkMethod.java:44)
	at org.junit.internal.runners.model.ReflectiveCallable.run(ReflectiveCallable.java:15)
	at org.junit.runners.model.FrameworkMethod.invokeExplosively(FrameworkMethod.java:41)
	at org.junit.internal.runners.statements.RunBefores.evaluate(RunBefores.java:27)
	at org.junit.runners.ParentRunner.run(ParentRunner.java:292)
	at org.apache.maven.surefire.junit4.JUnit4TestSet.execute(JUnit4TestSet.java:35)
	at org.apache.maven.surefire.junit4.JUnit4Provider.executeTestSet(JUnit4Provider.java:115)
	at org.apache.maven.surefire.junit4.JUnit4Provider.invoke(JUnit4Provider.java:97)
	at sun.reflect.NativeMethodAccessorImpl.invoke0(Native Method)
	at sun.reflect.NativeMethodAccessorImpl.invoke(NativeMethodAccessorImpl.java:62)
	at sun.reflect.DelegatingMethodAccessorImpl.invoke(DelegatingMethodAccessorImpl.java:43)
	at java.lang.reflect.Method.invoke(Method.java:498)
	at org.apache.maven.surefire.booter.ProviderFactory$ClassLoaderProxy.invoke(ProviderFactory.java:103)
	at com.sun.proxy.$Proxy0.invoke(Unknown Source)
	at org.apache.maven.surefire.booter.SurefireStarter.invokeProvider(SurefireStarter.java:150)
	at org.apache.maven.surefire.booter.SurefireStarter.runSuitesInProcess(SurefireStarter.java:91)
	at org.apache.maven.surefire.booter.ForkedBooter.main(ForkedBooter.java:69)
</error>
    <system-out>@SLTests run: 1, Failures: 0, Errors: 1, Skipped: 0, Time elapsed: 7.041 sec &lt;&lt;&lt; FAILURE!
@SLRunning com.datastax.training.killrvideo.dao.cassandra.BatchStatementVideoDAOTest
12:19:00.509 [main] INFO  c.datastax.driver.core.ClockFactory - Using native clock to generate timestamps.
12:19:00.576 [main] INFO  c.d.d.c.p.DCAwareRoundRobinPolicy - Using data-center name &apos;DC1&apos; for DCAwareRoundRobinPolicy (if this is incorrect, please provide the correct datacenter name with DCAwareRoundRobinPolicy constructor)
12:19:00.577 [main] INFO  com.datastax.driver.core.Cluster - New Cassandra host /127.0.0.1:9042 added
12:19:03.351 [main] INFO  c.datastax.driver.core.ClockFactory - Using native clock to generate timestamps.
12:19:03.387 [main] INFO  c.d.d.c.p.DCAwareRoundRobinPolicy - Using data-center name &apos;DC1&apos; for DCAwareRoundRobinPolicy (if this is incorrect, please provide the correct datacenter name with DCAwareRoundRobinPolicy constructor)
12:19:03.388 [main] INFO  com.datastax.driver.core.Cluster - New Cassandra host /127.0.0.1:9042 added
</system-out>
  </testcase>
</testsuite>